-------------------------------------------------------------------------------
Test set: org.apache.flink.playgrounds.spendreport.SpendReportTest
-------------------------------------------------------------------------------
Tests run: 1, Failures: 0, Errors: 1, Skipped: 0, Time elapsed: 9.688 sec <<< FAILURE!
testReport(org.apache.flink.playgrounds.spendreport.SpendReportTest)  Time elapsed: 9.562 sec  <<< ERROR!
java.lang.reflect.InaccessibleObjectException: Unable to make field private static final int java.lang.Class.ANNOTATION accessible: module java.base does not "opens java.lang" to unnamed module @6842775d
	at java.base/java.lang.reflect.AccessibleObject.checkCanSetAccessible(AccessibleObject.java:354)
	at java.base/java.lang.reflect.AccessibleObject.checkCanSetAccessible(AccessibleObject.java:297)
	at java.base/java.lang.reflect.Field.checkCanSetAccessible(Field.java:180)
	at java.base/java.lang.reflect.Field.setAccessible(Field.java:174)
	at org.apache.flink.api.java.ClosureCleaner.clean(ClosureCleaner.java:106)
	at org.apache.flink.api.java.ClosureCleaner.clean(ClosureCleaner.java:132)
	at org.apache.flink.api.java.ClosureCleaner.clean(ClosureCleaner.java:132)
	at org.apache.flink.api.java.ClosureCleaner.clean(ClosureCleaner.java:69)
	at org.apache.flink.streaming.api.environment.StreamExecutionEnvironment.clean(StreamExecutionEnvironment.java:2194)
	at org.apache.flink.streaming.api.environment.StreamExecutionEnvironment.addSource(StreamExecutionEnvironment.java:1871)
	at org.apache.flink.streaming.api.environment.StreamExecutionEnvironment.addSource(StreamExecutionEnvironment.java:1854)
	at org.apache.flink.streaming.api.environment.StreamExecutionEnvironment.createInput(StreamExecutionEnvironment.java:1753)
	at org.apache.flink.streaming.api.environment.StreamExecutionEnvironment.createInput(StreamExecutionEnvironment.java:1743)
	at org.apache.flink.table.planner.plan.nodes.exec.common.CommonExecValues.translateToPlanInternal(CommonExecValues.java:73)
	at org.apache.flink.table.planner.plan.nodes.exec.batch.BatchExecValues.translateToPlanInternal(BatchExecValues.java:57)
	at org.apache.flink.table.planner.plan.nodes.exec.ExecNodeBase.translateToPlan(ExecNodeBase.java:158)
	at org.apache.flink.table.planner.plan.nodes.exec.ExecEdge.translateToPlan(ExecEdge.java:249)
	at org.apache.flink.table.planner.plan.nodes.exec.common.CommonExecCalc.translateToPlanInternal(CommonExecCalc.java:94)
	at org.apache.flink.table.planner.plan.nodes.exec.ExecNodeBase.translateToPlan(ExecNodeBase.java:158)
	at org.apache.flink.table.planner.plan.nodes.exec.ExecEdge.translateToPlan(ExecEdge.java:249)
	at org.apache.flink.table.planner.plan.nodes.exec.common.CommonExecUnion.translateToPlanInternal(CommonExecUnion.java:61)
	at org.apache.flink.table.planner.plan.nodes.exec.ExecNodeBase.translateToPlan(ExecNodeBase.java:158)
	at org.apache.flink.table.planner.plan.nodes.exec.ExecEdge.translateToPlan(ExecEdge.java:249)
	at org.apache.flink.table.planner.plan.nodes.exec.batch.BatchExecExchange.translateToPlanInternal(BatchExecExchange.java:136)
	at org.apache.flink.table.planner.plan.nodes.exec.ExecNodeBase.translateToPlan(ExecNodeBase.java:158)
	at org.apache.flink.table.planner.plan.nodes.exec.ExecEdge.translateToPlan(ExecEdge.java:249)
	at org.apache.flink.table.planner.plan.nodes.exec.batch.BatchExecSort.translateToPlanInternal(BatchExecSort.java:72)
	at org.apache.flink.table.planner.plan.nodes.exec.ExecNodeBase.translateToPlan(ExecNodeBase.java:158)
	at org.apache.flink.table.planner.plan.nodes.exec.ExecEdge.translateToPlan(ExecEdge.java:249)
	at org.apache.flink.table.planner.plan.nodes.exec.batch.BatchExecSortWindowAggregate.translateToPlanInternal(BatchExecSortWindowAggregate.java:112)
	at org.apache.flink.table.planner.plan.nodes.exec.ExecNodeBase.translateToPlan(ExecNodeBase.java:158)
	at org.apache.flink.table.planner.plan.nodes.exec.ExecEdge.translateToPlan(ExecEdge.java:249)
	at org.apache.flink.table.planner.plan.nodes.exec.common.CommonExecCalc.translateToPlanInternal(CommonExecCalc.java:94)
	at org.apache.flink.table.planner.plan.nodes.exec.ExecNodeBase.translateToPlan(ExecNodeBase.java:158)
	at org.apache.flink.table.planner.plan.nodes.exec.ExecEdge.translateToPlan(ExecEdge.java:249)
	at org.apache.flink.table.planner.plan.nodes.exec.batch.BatchExecSink.translateToPlanInternal(BatchExecSink.java:65)
	at org.apache.flink.table.planner.plan.nodes.exec.ExecNodeBase.translateToPlan(ExecNodeBase.java:158)
	at org.apache.flink.table.planner.delegation.BatchPlanner.$anonfun$translateToPlan$1(BatchPlanner.scala:86)
	at scala.collection.TraversableLike.$anonfun$map$1(TraversableLike.scala:233)
	at scala.collection.Iterator.foreach(Iterator.scala:937)
	at scala.collection.Iterator.foreach$(Iterator.scala:937)
	at scala.collection.AbstractIterator.foreach(Iterator.scala:1425)
	at scala.collection.IterableLike.foreach(IterableLike.scala:70)
	at scala.collection.IterableLike.foreach$(IterableLike.scala:69)
	at scala.collection.AbstractIterable.foreach(Iterable.scala:54)
	at scala.collection.TraversableLike.map(TraversableLike.scala:233)
	at scala.collection.TraversableLike.map$(TraversableLike.scala:226)
	at scala.collection.AbstractTraversable.map(Traversable.scala:104)
	at org.apache.flink.table.planner.delegation.BatchPlanner.translateToPlan(BatchPlanner.scala:85)
	at org.apache.flink.table.planner.delegation.PlannerBase.translate(PlannerBase.scala:188)
	at org.apache.flink.table.api.internal.TableEnvironmentImpl.translate(TableEnvironmentImpl.java:1656)
	at org.apache.flink.table.api.internal.TableEnvironmentImpl.executeQueryOperation(TableEnvironmentImpl.java:828)
	at org.apache.flink.table.api.internal.TableEnvironmentImpl.executeInternal(TableEnvironmentImpl.java:1317)
	at org.apache.flink.table.api.internal.TableImpl.execute(TableImpl.java:605)
	at org.apache.flink.playgrounds.spendreport.SpendReportTest.testReport(SpendReportTest.java:72)
	at java.base/jdk.internal.reflect.DirectMethodHandleAccessor.invoke(DirectMethodHandleAccessor.java:104)
	at java.base/java.lang.reflect.Method.invoke(Method.java:577)
	at org.junit.runners.model.FrameworkMethod$1.runReflectiveCall(FrameworkMethod.java:50)
	at org.junit.internal.runners.model.ReflectiveCallable.run(ReflectiveCallable.java:12)
	at org.junit.runners.model.FrameworkMethod.invokeExplosively(FrameworkMethod.java:47)
	at org.junit.internal.runners.statements.InvokeMethod.evaluate(InvokeMethod.java:17)
	at org.junit.runners.ParentRunner.runLeaf(ParentRunner.java:325)
	at org.junit.runners.BlockJUnit4ClassRunner.runChild(BlockJUnit4ClassRunner.java:78)
	at org.junit.runners.BlockJUnit4ClassRunner.runChild(BlockJUnit4ClassRunner.java:57)
	at org.junit.runners.ParentRunner$3.run(ParentRunner.java:290)
	at org.junit.runners.ParentRunner$1.schedule(ParentRunner.java:71)
	at org.junit.runners.ParentRunner.runChildren(ParentRunner.java:288)
	at org.junit.runners.ParentRunner.access$000(ParentRunner.java:58)
	at org.junit.runners.ParentRunner$2.evaluate(ParentRunner.java:268)
	at org.junit.runners.ParentRunner.run(ParentRunner.java:363)
	at org.apache.maven.surefire.junit4.JUnit4Provider.execute(JUnit4Provider.java:252)
	at org.apache.maven.surefire.junit4.JUnit4Provider.executeTestSet(JUnit4Provider.java:141)
	at org.apache.maven.surefire.junit4.JUnit4Provider.invoke(JUnit4Provider.java:112)
	at java.base/jdk.internal.reflect.DirectMethodHandleAccessor.invoke(DirectMethodHandleAccessor.java:104)
	at java.base/java.lang.reflect.Method.invoke(Method.java:577)
	at org.apache.maven.surefire.util.ReflectionUtils.invokeMethodWithArray(ReflectionUtils.java:189)
	at org.apache.maven.surefire.booter.ProviderFactory$ProviderProxy.invoke(ProviderFactory.java:165)
	at org.apache.maven.surefire.booter.ProviderFactory.invokeProvider(ProviderFactory.java:85)
	at org.apache.maven.surefire.booter.ForkedBooter.runSuitesInProcess(ForkedBooter.java:115)
	at org.apache.maven.surefire.booter.ForkedBooter.main(ForkedBooter.java:75)

